<?xml version="1.0" encoding="UTF-8"?>
<!-- Generated by org.testng.reporters.JUnitXMLReporter -->
<testsuite ignored="1" hostname="DESKTOP-MIE8JAS" failures="0" tests="1" name="UserTests" time="8.256" errors="0" timestamp="2022-11-07T12:28:32 CET">
  <testcase classname="com.telran.tests.bookStore.LoginPageTests" name="loginPositiveWithParametersTest" time="1.205"/>
  <testcase classname="com.telran.tests.bookStore.LoginPageTests" name="loginPositiveTest" time="0.0">
    <ignored/>
  </testcase> <!-- loginPositiveTest -->
</testsuite> <!-- UserTests -->
